<?xml version="1.0" encoding="UTF-8"?>
<!-- Generated by org.testng.reporters.JUnitReportReporter -->
<testsuite hostname="LEKSHMI-DERSAN" failures="0" tests="1" name="testscript.HomePagetest" time="39.723" errors="0" timestamp="2024-12-05T15:00:56 IST" skipped="0">
  <testcase classname="testscript.HomePagetest" name="verifylogOut" time="39.723"/>
  <system-out/>
</testsuite> <!-- testscript.HomePagetest -->
