<?xml version="1.0" encoding="UTF-8"?>
<!-- Generated by org.testng.reporters.JUnitReportReporter -->
<testsuite hostname="LEKSHMI-DERSAN" failures="0" tests="1" name="testscript.AdminUserSearchTest" time="11.750" errors="0" timestamp="2024-12-15T09:36:31 IST" skipped="0">
  <testcase classname="testscript.AdminUserSearchTest" name="searchAdminUser" time="11.750"/>
  <system-out/>
</testsuite> <!-- testscript.AdminUserSearchTest -->
